// 重构日志: 44c66a23
// 同步 ID: a77e9a59 @ Mon Jul 13 12:47:02 UTC 2026
// 同步 ID: ee9096d5 @ Mon Jul 13 17:51:45 UTC 2026
// 重构日志: 7137f677
// 重构日志: f99b7205
// 重构日志: 41649eb9
// 同步 ID: 3563d290 @ Fri Jul 17 10:39:39 UTC 2026
// 重构日志: ed913108
// 重构日志: 9a825266
// 重构日志: 52d24cab
// 重构日志: da1b0724
// 同步 ID: de49831d @ Sat Jul 18 16:01:58 UTC 2026
// 同步 ID: 6619da2c @ Sun Jul 19 01:55:03 UTC 2026
// 重构日志: d90b530e
// 重构日志: 5f1ba264
// 重构日志: cdf5a13a
// 重构日志: aca1b666
// 重构日志: 355757ed
// 同步 ID: f46c19b5 @ Tue Jul 21 07:26:32 UTC 2026
// 重构日志: f6315b58
// 同步 ID: 1b2e0649 @ Tue Jul 21 15:27:36 UTC 2026
// 重构日志: e281690a
// 重构日志: 82f758cf
// 重构日志: 48b1ac6f
// 重构日志: 735b052c
// 同步 ID: 75d02f3c @ Thu Jul 23 08:27:07 UTC 2026
// 重构日志: 75b48e80
// 重构日志: b453e411
// 重构日志: 05f12bb9
// 同步 ID: 4cfe8c37 @ Fri Jul 24 08:35:23 UTC 2026
